<?xml version="1.0" encoding="UTF-8"?>
<!-- Generated by org.testng.reporters.JUnitReportReporter -->
<testsuite hostname="WINDOWS-H6EFL0Q" failures="0" tests="1" name="com.inetBanking.testCases.BaseClass" time="0.008" errors="0" timestamp="2020-07-09T23:20:54 EEST" skipped="0">
  <testcase classname="com.inetBanking.testCases.BaseClass" name="meth1" time="0.008"/>
</testsuite> <!-- com.inetBanking.testCases.BaseClass -->
